CRITICAL - 2022-07-29 03:27:00 --> Undefined index: status_tugas
in APPPATH/Views/admin/umpan_balik.php on line 145.
 1 APPPATH/Views/admin/umpan_balik.php(145): CodeIgniter\Debug\Exceptions->errorHandler()
 2 SYSTEMPATH/View/View.php(213): include('APPPATH/Views/admin/umpan_balik.php')
 3 SYSTEMPATH/View/View.php(216): CodeIgniter\View\View->CodeIgniter\View\{closure}()
 4 SYSTEMPATH/Common.php(1135): CodeIgniter\View\View->render()
 5 APPPATH/Controllers/Admin/Pengajuan.php(143): view()
 6 SYSTEMPATH/CodeIgniter.php(896): App\Controllers\Admin\Pengajuan->umpan_balik()
 7 SYSTEMPATH/CodeIgniter.php(466): CodeIgniter\CodeIgniter->runController()
 8 SYSTEMPATH/CodeIgniter.php(349): CodeIgniter\CodeIgniter->handleRequest()
 9 FCPATH/index.php(55): CodeIgniter\CodeIgniter->run()
10 SYSTEMPATH/Commands/Server/rewrite.php(43): require_once('FCPATH/index.php')
CRITICAL - 2022-07-29 03:28:42 --> Undefined index: status_tugas
in APPPATH/Views/admin/umpan_balik.php on line 145.
 1 APPPATH/Views/admin/umpan_balik.php(145): CodeIgniter\Debug\Exceptions->errorHandler()
 2 SYSTEMPATH/View/View.php(213): include('APPPATH/Views/admin/umpan_balik.php')
 3 SYSTEMPATH/View/View.php(216): CodeIgniter\View\View->CodeIgniter\View\{closure}()
 4 SYSTEMPATH/Common.php(1135): CodeIgniter\View\View->render()
 5 APPPATH/Controllers/Admin/Pengajuan.php(143): view()
 6 SYSTEMPATH/CodeIgniter.php(896): App\Controllers\Admin\Pengajuan->umpan_balik()
 7 SYSTEMPATH/CodeIgniter.php(466): CodeIgniter\CodeIgniter->runController()
 8 SYSTEMPATH/CodeIgniter.php(349): CodeIgniter\CodeIgniter->handleRequest()
 9 FCPATH/index.php(55): CodeIgniter\CodeIgniter->run()
10 SYSTEMPATH/Commands/Server/rewrite.php(43): require_once('FCPATH/index.php')
