CRITICAL - 2022-07-24 05:08:17 --> fopen(http://localhost:8080/uploads/1658501909_4666fa24e5b71b1b6c12.png): failed to open stream: HTTP request failed!
in APPPATH/ThirdParty/fpdf184/fpdf.php on line 1257.
 1 [internal function]: CodeIgniter\Debug\Exceptions->errorHandler()
 2 APPPATH/ThirdParty/fpdf184/fpdf.php(1257): fopen()
 3 APPPATH/ThirdParty/fpdf184/fpdf.php(885): FPDF->_parsepng()
 4 APPPATH/Controllers/Admin/Beranda.php(58): FPDF->Image()
 5 SYSTEMPATH/CodeIgniter.php(896): App\Controllers\Admin\Beranda->cari()
 6 SYSTEMPATH/CodeIgniter.php(466): CodeIgniter\CodeIgniter->runController()
 7 SYSTEMPATH/CodeIgniter.php(349): CodeIgniter\CodeIgniter->handleRequest()
 8 FCPATH/index.php(55): CodeIgniter\CodeIgniter->run()
 9 SYSTEMPATH/Commands/Server/rewrite.php(43): require_once('FCPATH/index.php')
CRITICAL - 2022-07-24 05:10:30 --> Undefined variable: k
in APPPATH/Controllers/Admin/Beranda.php on line 65.
 1 APPPATH/Controllers/Admin/Beranda.php(65): CodeIgniter\Debug\Exceptions->errorHandler()
 2 SYSTEMPATH/CodeIgniter.php(896): App\Controllers\Admin\Beranda->cari()
 3 SYSTEMPATH/CodeIgniter.php(466): CodeIgniter\CodeIgniter->runController()
 4 SYSTEMPATH/CodeIgniter.php(349): CodeIgniter\CodeIgniter->handleRequest()
 5 FCPATH/index.php(55): CodeIgniter\CodeIgniter->run()
 6 SYSTEMPATH/Commands/Server/rewrite.php(43): require_once('FCPATH/index.php')
CRITICAL - 2022-07-24 09:02:16 --> Undefined variable: x
in APPPATH/Controllers/Admin/Beranda.php on line 53.
 1 APPPATH/Controllers/Admin/Beranda.php(53): CodeIgniter\Debug\Exceptions->errorHandler()
 2 SYSTEMPATH/CodeIgniter.php(896): App\Controllers\Admin\Beranda->cari()
 3 SYSTEMPATH/CodeIgniter.php(466): CodeIgniter\CodeIgniter->runController()
 4 SYSTEMPATH/CodeIgniter.php(349): CodeIgniter\CodeIgniter->handleRequest()
 5 FCPATH/index.php(55): CodeIgniter\CodeIgniter->run()
 6 SYSTEMPATH/Commands/Server/rewrite.php(43): require_once('FCPATH/index.php')
CRITICAL - 2022-07-24 09:36:22 --> FPDF error: Some data has already been output, can't send PDF file
in APPPATH/ThirdParty/fpdf184/fpdf.php on line 271.
 1 APPPATH/ThirdParty/fpdf184/fpdf.php(1060): FPDF->Error()
 2 APPPATH/ThirdParty/fpdf184/fpdf.php(1012): FPDF->_checkoutput()
 3 APPPATH/Controllers/Admin/Beranda.php(102): FPDF->Output()
 4 SYSTEMPATH/CodeIgniter.php(896): App\Controllers\Admin\Beranda->cari()
 5 SYSTEMPATH/CodeIgniter.php(466): CodeIgniter\CodeIgniter->runController()
 6 SYSTEMPATH/CodeIgniter.php(349): CodeIgniter\CodeIgniter->handleRequest()
 7 FCPATH/index.php(55): CodeIgniter\CodeIgniter->run()
 8 SYSTEMPATH/Commands/Server/rewrite.php(43): require_once('FCPATH/index.php')
CRITICAL - 2022-07-24 10:03:09 --> Array to string conversion
in APPPATH/ThirdParty/fpdf184/fpdf.php on line 412.
 1 APPPATH/ThirdParty/fpdf184/fpdf.php(412): CodeIgniter\Debug\Exceptions->errorHandler()
 2 APPPATH/ThirdParty/fpdf184/fpdf.php(629): FPDF->GetStringWidth()
 3 APPPATH/Controllers/Admin/Beranda.php(100): FPDF->Cell()
 4 SYSTEMPATH/CodeIgniter.php(896): App\Controllers\Admin\Beranda->cari()
 5 SYSTEMPATH/CodeIgniter.php(466): CodeIgniter\CodeIgniter->runController()
 6 SYSTEMPATH/CodeIgniter.php(349): CodeIgniter\CodeIgniter->handleRequest()
 7 FCPATH/index.php(55): CodeIgniter\CodeIgniter->run()
 8 SYSTEMPATH/Commands/Server/rewrite.php(43): require_once('FCPATH/index.php')
CRITICAL - 2022-07-24 10:05:56 --> Array to string conversion
in APPPATH/ThirdParty/fpdf184/fpdf.php on line 412.
 1 APPPATH/ThirdParty/fpdf184/fpdf.php(412): CodeIgniter\Debug\Exceptions->errorHandler()
 2 APPPATH/ThirdParty/fpdf184/fpdf.php(629): FPDF->GetStringWidth()
 3 APPPATH/Controllers/Admin/Beranda.php(100): FPDF->Cell()
 4 SYSTEMPATH/CodeIgniter.php(896): App\Controllers\Admin\Beranda->cari()
 5 SYSTEMPATH/CodeIgniter.php(466): CodeIgniter\CodeIgniter->runController()
 6 SYSTEMPATH/CodeIgniter.php(349): CodeIgniter\CodeIgniter->handleRequest()
 7 FCPATH/index.php(55): CodeIgniter\CodeIgniter->run()
 8 SYSTEMPATH/Commands/Server/rewrite.php(43): require_once('FCPATH/index.php')
CRITICAL - 2022-07-24 10:05:58 --> Array to string conversion
in APPPATH/ThirdParty/fpdf184/fpdf.php on line 412.
 1 APPPATH/ThirdParty/fpdf184/fpdf.php(412): CodeIgniter\Debug\Exceptions->errorHandler()
 2 APPPATH/ThirdParty/fpdf184/fpdf.php(629): FPDF->GetStringWidth()
 3 APPPATH/Controllers/Admin/Beranda.php(100): FPDF->Cell()
 4 SYSTEMPATH/CodeIgniter.php(896): App\Controllers\Admin\Beranda->cari()
 5 SYSTEMPATH/CodeIgniter.php(466): CodeIgniter\CodeIgniter->runController()
 6 SYSTEMPATH/CodeIgniter.php(349): CodeIgniter\CodeIgniter->handleRequest()
 7 FCPATH/index.php(55): CodeIgniter\CodeIgniter->run()
 8 SYSTEMPATH/Commands/Server/rewrite.php(43): require_once('FCPATH/index.php')
CRITICAL - 2022-07-24 10:06:10 --> Array to string conversion
in APPPATH/ThirdParty/fpdf184/fpdf.php on line 412.
 1 APPPATH/ThirdParty/fpdf184/fpdf.php(412): CodeIgniter\Debug\Exceptions->errorHandler()
 2 APPPATH/ThirdParty/fpdf184/fpdf.php(629): FPDF->GetStringWidth()
 3 APPPATH/Controllers/Admin/Beranda.php(100): FPDF->Cell()
 4 SYSTEMPATH/CodeIgniter.php(896): App\Controllers\Admin\Beranda->cari()
 5 SYSTEMPATH/CodeIgniter.php(466): CodeIgniter\CodeIgniter->runController()
 6 SYSTEMPATH/CodeIgniter.php(349): CodeIgniter\CodeIgniter->handleRequest()
 7 FCPATH/index.php(55): CodeIgniter\CodeIgniter->run()
 8 SYSTEMPATH/Commands/Server/rewrite.php(43): require_once('FCPATH/index.php')
CRITICAL - 2022-07-24 10:14:53 --> Undefined variable: m
in APPPATH/Controllers/Admin/Beranda.php on line 100.
 1 APPPATH/Controllers/Admin/Beranda.php(100): CodeIgniter\Debug\Exceptions->errorHandler()
 2 SYSTEMPATH/CodeIgniter.php(896): App\Controllers\Admin\Beranda->cari()
 3 SYSTEMPATH/CodeIgniter.php(466): CodeIgniter\CodeIgniter->runController()
 4 SYSTEMPATH/CodeIgniter.php(349): CodeIgniter\CodeIgniter->handleRequest()
 5 FCPATH/index.php(55): CodeIgniter\CodeIgniter->run()
 6 SYSTEMPATH/Commands/Server/rewrite.php(43): require_once('FCPATH/index.php')
CRITICAL - 2022-07-24 10:25:21 --> Unable to get the size of the image [http://localhost:8080/uploads/1658501909_4666fa24e5b71b1b6c12.png]
in VENDORPATH/spipu/html2pdf/src/Html2Pdf.php on line 1521.
 1 VENDORPATH/spipu/html2pdf/src/Html2Pdf.php(5777): Spipu\Html2Pdf\Html2Pdf->_drawImage()
 2 VENDORPATH/spipu/html2pdf/src/Html2Pdf.php(1439): Spipu\Html2Pdf\Html2Pdf->_tag_open_IMG()
 3 VENDORPATH/spipu/html2pdf/src/Html2Pdf.php(1407): Spipu\Html2Pdf\Html2Pdf->_executeAction()
 4 VENDORPATH/spipu/html2pdf/src/Html2Pdf.php(5597): Spipu\Html2Pdf\Html2Pdf->_makeHTMLcode()
 5 VENDORPATH/spipu/html2pdf/src/Html2Pdf.php(1439): Spipu\Html2Pdf\Html2Pdf->_tag_open_TD()
 6 VENDORPATH/spipu/html2pdf/src/Html2Pdf.php(1393): Spipu\Html2Pdf\Html2Pdf->_executeAction()
 7 VENDORPATH/spipu/html2pdf/src/Html2Pdf.php(595): Spipu\Html2Pdf\Html2Pdf->_makeHTMLcode()
 8 APPPATH/Controllers/Admin/Beranda.php(49): Spipu\Html2Pdf\Html2Pdf->writeHTML()
 9 SYSTEMPATH/CodeIgniter.php(896): App\Controllers\Admin\Beranda->cari()
10 SYSTEMPATH/CodeIgniter.php(466): CodeIgniter\CodeIgniter->runController()
11 SYSTEMPATH/CodeIgniter.php(349): CodeIgniter\CodeIgniter->handleRequest()
12 FCPATH/index.php(55): CodeIgniter\CodeIgniter->run()
13 SYSTEMPATH/Commands/Server/rewrite.php(43): require_once('FCPATH/index.php')
CRITICAL - 2022-07-24 10:27:36 --> Unable to get the size of the image [http://localhost:8080/uploads/1658501909_4666fa24e5b71b1b6c12.png]
in VENDORPATH/spipu/html2pdf/src/Html2Pdf.php on line 1521.
 1 VENDORPATH/spipu/html2pdf/src/Html2Pdf.php(5777): Spipu\Html2Pdf\Html2Pdf->_drawImage()
 2 VENDORPATH/spipu/html2pdf/src/Html2Pdf.php(1439): Spipu\Html2Pdf\Html2Pdf->_tag_open_IMG()
 3 VENDORPATH/spipu/html2pdf/src/Html2Pdf.php(1407): Spipu\Html2Pdf\Html2Pdf->_executeAction()
 4 VENDORPATH/spipu/html2pdf/src/Html2Pdf.php(5597): Spipu\Html2Pdf\Html2Pdf->_makeHTMLcode()
 5 VENDORPATH/spipu/html2pdf/src/Html2Pdf.php(1439): Spipu\Html2Pdf\Html2Pdf->_tag_open_TD()
 6 VENDORPATH/spipu/html2pdf/src/Html2Pdf.php(1393): Spipu\Html2Pdf\Html2Pdf->_executeAction()
 7 VENDORPATH/spipu/html2pdf/src/Html2Pdf.php(595): Spipu\Html2Pdf\Html2Pdf->_makeHTMLcode()
 8 APPPATH/Controllers/Admin/Beranda.php(49): Spipu\Html2Pdf\Html2Pdf->writeHTML()
 9 SYSTEMPATH/CodeIgniter.php(896): App\Controllers\Admin\Beranda->cari()
10 SYSTEMPATH/CodeIgniter.php(466): CodeIgniter\CodeIgniter->runController()
11 SYSTEMPATH/CodeIgniter.php(349): CodeIgniter\CodeIgniter->handleRequest()
12 FCPATH/index.php(55): CodeIgniter\CodeIgniter->run()
13 SYSTEMPATH/Commands/Server/rewrite.php(43): require_once('FCPATH/index.php')
CRITICAL - 2022-07-24 10:36:23 --> Undefined index: href
in VENDORPATH/spipu/html2pdf/src/Html2Pdf.php on line 5767.
 1 VENDORPATH/spipu/html2pdf/src/Html2Pdf.php(5767): CodeIgniter\Debug\Exceptions->errorHandler()
 2 VENDORPATH/spipu/html2pdf/src/Html2Pdf.php(1439): Spipu\Html2Pdf\Html2Pdf->_tag_open_IMG()
 3 VENDORPATH/spipu/html2pdf/src/Html2Pdf.php(1407): Spipu\Html2Pdf\Html2Pdf->_executeAction()
 4 VENDORPATH/spipu/html2pdf/src/Html2Pdf.php(5597): Spipu\Html2Pdf\Html2Pdf->_makeHTMLcode()
 5 VENDORPATH/spipu/html2pdf/src/Html2Pdf.php(1439): Spipu\Html2Pdf\Html2Pdf->_tag_open_TD()
 6 VENDORPATH/spipu/html2pdf/src/Html2Pdf.php(1393): Spipu\Html2Pdf\Html2Pdf->_executeAction()
 7 VENDORPATH/spipu/html2pdf/src/Html2Pdf.php(595): Spipu\Html2Pdf\Html2Pdf->_makeHTMLcode()
 8 APPPATH/Controllers/Admin/Beranda.php(49): Spipu\Html2Pdf\Html2Pdf->writeHTML()
 9 SYSTEMPATH/CodeIgniter.php(896): App\Controllers\Admin\Beranda->cari()
10 SYSTEMPATH/CodeIgniter.php(466): CodeIgniter\CodeIgniter->runController()
11 SYSTEMPATH/CodeIgniter.php(349): CodeIgniter\CodeIgniter->handleRequest()
12 FCPATH/index.php(55): CodeIgniter\CodeIgniter->run()
13 SYSTEMPATH/Commands/Server/rewrite.php(43): require_once('FCPATH/index.php')
CRITICAL - 2022-07-24 10:38:49 --> Undefined index: href
in VENDORPATH/spipu/html2pdf/src/Html2Pdf.php on line 5767.
 1 VENDORPATH/spipu/html2pdf/src/Html2Pdf.php(5767): CodeIgniter\Debug\Exceptions->errorHandler()
 2 VENDORPATH/spipu/html2pdf/src/Html2Pdf.php(1439): Spipu\Html2Pdf\Html2Pdf->_tag_open_IMG()
 3 VENDORPATH/spipu/html2pdf/src/Html2Pdf.php(1407): Spipu\Html2Pdf\Html2Pdf->_executeAction()
 4 VENDORPATH/spipu/html2pdf/src/Html2Pdf.php(5597): Spipu\Html2Pdf\Html2Pdf->_makeHTMLcode()
 5 VENDORPATH/spipu/html2pdf/src/Html2Pdf.php(1439): Spipu\Html2Pdf\Html2Pdf->_tag_open_TD()
 6 VENDORPATH/spipu/html2pdf/src/Html2Pdf.php(1393): Spipu\Html2Pdf\Html2Pdf->_executeAction()
 7 VENDORPATH/spipu/html2pdf/src/Html2Pdf.php(595): Spipu\Html2Pdf\Html2Pdf->_makeHTMLcode()
 8 APPPATH/Controllers/Admin/Beranda.php(49): Spipu\Html2Pdf\Html2Pdf->writeHTML()
 9 SYSTEMPATH/CodeIgniter.php(896): App\Controllers\Admin\Beranda->cari()
10 SYSTEMPATH/CodeIgniter.php(466): CodeIgniter\CodeIgniter->runController()
11 SYSTEMPATH/CodeIgniter.php(349): CodeIgniter\CodeIgniter->handleRequest()
12 FCPATH/index.php(55): CodeIgniter\CodeIgniter->run()
13 SYSTEMPATH/Commands/Server/rewrite.php(43): require_once('FCPATH/index.php')
CRITICAL - 2022-07-24 10:38:57 --> Undefined index: href
in VENDORPATH/spipu/html2pdf/src/Html2Pdf.php on line 5767.
 1 VENDORPATH/spipu/html2pdf/src/Html2Pdf.php(5767): CodeIgniter\Debug\Exceptions->errorHandler()
 2 VENDORPATH/spipu/html2pdf/src/Html2Pdf.php(1439): Spipu\Html2Pdf\Html2Pdf->_tag_open_IMG()
 3 VENDORPATH/spipu/html2pdf/src/Html2Pdf.php(1407): Spipu\Html2Pdf\Html2Pdf->_executeAction()
 4 VENDORPATH/spipu/html2pdf/src/Html2Pdf.php(5597): Spipu\Html2Pdf\Html2Pdf->_makeHTMLcode()
 5 VENDORPATH/spipu/html2pdf/src/Html2Pdf.php(1439): Spipu\Html2Pdf\Html2Pdf->_tag_open_TD()
 6 VENDORPATH/spipu/html2pdf/src/Html2Pdf.php(1393): Spipu\Html2Pdf\Html2Pdf->_executeAction()
 7 VENDORPATH/spipu/html2pdf/src/Html2Pdf.php(595): Spipu\Html2Pdf\Html2Pdf->_makeHTMLcode()
 8 APPPATH/Controllers/Admin/Beranda.php(49): Spipu\Html2Pdf\Html2Pdf->writeHTML()
 9 SYSTEMPATH/CodeIgniter.php(896): App\Controllers\Admin\Beranda->cari()
10 SYSTEMPATH/CodeIgniter.php(466): CodeIgniter\CodeIgniter->runController()
11 SYSTEMPATH/CodeIgniter.php(349): CodeIgniter\CodeIgniter->handleRequest()
12 FCPATH/index.php(55): CodeIgniter\CodeIgniter->run()
13 SYSTEMPATH/Commands/Server/rewrite.php(43): require_once('FCPATH/index.php')
CRITICAL - 2022-07-24 10:39:15 --> Unable to get the size of the image [/uploads/1658501909_4666fa24e5b71b1b6c12.png]
in VENDORPATH/spipu/html2pdf/src/Html2Pdf.php on line 1521.
 1 VENDORPATH/spipu/html2pdf/src/Html2Pdf.php(5778): Spipu\Html2Pdf\Html2Pdf->_drawImage()
 2 VENDORPATH/spipu/html2pdf/src/Html2Pdf.php(1439): Spipu\Html2Pdf\Html2Pdf->_tag_open_IMG()
 3 VENDORPATH/spipu/html2pdf/src/Html2Pdf.php(1407): Spipu\Html2Pdf\Html2Pdf->_executeAction()
 4 VENDORPATH/spipu/html2pdf/src/Html2Pdf.php(5597): Spipu\Html2Pdf\Html2Pdf->_makeHTMLcode()
 5 VENDORPATH/spipu/html2pdf/src/Html2Pdf.php(1439): Spipu\Html2Pdf\Html2Pdf->_tag_open_TD()
 6 VENDORPATH/spipu/html2pdf/src/Html2Pdf.php(1393): Spipu\Html2Pdf\Html2Pdf->_executeAction()
 7 VENDORPATH/spipu/html2pdf/src/Html2Pdf.php(595): Spipu\Html2Pdf\Html2Pdf->_makeHTMLcode()
 8 APPPATH/Controllers/Admin/Beranda.php(49): Spipu\Html2Pdf\Html2Pdf->writeHTML()
 9 SYSTEMPATH/CodeIgniter.php(896): App\Controllers\Admin\Beranda->cari()
10 SYSTEMPATH/CodeIgniter.php(466): CodeIgniter\CodeIgniter->runController()
11 SYSTEMPATH/CodeIgniter.php(349): CodeIgniter\CodeIgniter->handleRequest()
12 FCPATH/index.php(55): CodeIgniter\CodeIgniter->run()
13 SYSTEMPATH/Commands/Server/rewrite.php(43): require_once('FCPATH/index.php')
CRITICAL - 2022-07-24 11:02:57 --> Undefined variable: pdf
in APPPATH/Libraries/Pdf.php on line 18.
 1 APPPATH/Libraries/Pdf.php(18): CodeIgniter\Debug\Exceptions->errorHandler()
 2 APPPATH/Controllers/Admin/Beranda.php(49): App\Libraries\Pdf->setTCPDF()
 3 SYSTEMPATH/CodeIgniter.php(896): App\Controllers\Admin\Beranda->cari()
 4 SYSTEMPATH/CodeIgniter.php(466): CodeIgniter\CodeIgniter->runController()
 5 SYSTEMPATH/CodeIgniter.php(349): CodeIgniter\CodeIgniter->handleRequest()
 6 FCPATH/index.php(55): CodeIgniter\CodeIgniter->run()
 7 SYSTEMPATH/Commands/Server/rewrite.php(43): require_once('FCPATH/index.php')
CRITICAL - 2022-07-24 11:03:23 --> Undefined variable: pdf
in APPPATH/Libraries/Pdf.php on line 18.
 1 APPPATH/Libraries/Pdf.php(18): CodeIgniter\Debug\Exceptions->errorHandler()
 2 APPPATH/Controllers/Admin/Beranda.php(49): App\Libraries\Pdf->setTCPDF()
 3 SYSTEMPATH/CodeIgniter.php(896): App\Controllers\Admin\Beranda->cari()
 4 SYSTEMPATH/CodeIgniter.php(466): CodeIgniter\CodeIgniter->runController()
 5 SYSTEMPATH/CodeIgniter.php(349): CodeIgniter\CodeIgniter->handleRequest()
 6 FCPATH/index.php(55): CodeIgniter\CodeIgniter->run()
 7 SYSTEMPATH/Commands/Server/rewrite.php(43): require_once('FCPATH/index.php')
CRITICAL - 2022-07-24 11:34:25 --> syntax error, unexpected ':'
in APPPATH/Controllers/Admin/Beranda.php on line 121.
 1 SYSTEMPATH/Autoloader/Autoloader.php(261): CodeIgniter\Autoloader\Autoloader->includeFile()
 2 SYSTEMPATH/Autoloader/Autoloader.php(239): CodeIgniter\Autoloader\Autoloader->loadInNamespace()
 3 [internal function]: CodeIgniter\Autoloader\Autoloader->loadClass()
 4 [internal function]: spl_autoload_call()
 5 SYSTEMPATH/CodeIgniter.php(846): class_exists()
 6 SYSTEMPATH/CodeIgniter.php(453): CodeIgniter\CodeIgniter->startController()
 7 SYSTEMPATH/CodeIgniter.php(349): CodeIgniter\CodeIgniter->handleRequest()
 8 FCPATH/index.php(55): CodeIgniter\CodeIgniter->run()
 9 SYSTEMPATH/Commands/Server/rewrite.php(43): require_once('FCPATH/index.php')
CRITICAL - 2022-07-24 11:34:46 --> Undefined variable: data
in APPPATH/Controllers/Admin/Beranda.php on line 36.
 1 APPPATH/Controllers/Admin/Beranda.php(36): CodeIgniter\Debug\Exceptions->errorHandler()
 2 SYSTEMPATH/CodeIgniter.php(896): App\Controllers\Admin\Beranda->cari()
 3 SYSTEMPATH/CodeIgniter.php(466): CodeIgniter\CodeIgniter->runController()
 4 SYSTEMPATH/CodeIgniter.php(349): CodeIgniter\CodeIgniter->handleRequest()
 5 FCPATH/index.php(55): CodeIgniter\CodeIgniter->run()
 6 SYSTEMPATH/Commands/Server/rewrite.php(43): require_once('FCPATH/index.php')
CRITICAL - 2022-07-24 11:34:59 --> Undefined variable: pdf
in APPPATH/Controllers/Admin/Beranda.php on line 52.
 1 APPPATH/Controllers/Admin/Beranda.php(52): CodeIgniter\Debug\Exceptions->errorHandler()
 2 SYSTEMPATH/CodeIgniter.php(896): App\Controllers\Admin\Beranda->cari()
 3 SYSTEMPATH/CodeIgniter.php(466): CodeIgniter\CodeIgniter->runController()
 4 SYSTEMPATH/CodeIgniter.php(349): CodeIgniter\CodeIgniter->handleRequest()
 5 FCPATH/index.php(55): CodeIgniter\CodeIgniter->run()
 6 SYSTEMPATH/Commands/Server/rewrite.php(43): require_once('FCPATH/index.php')
CRITICAL - 2022-07-24 11:47:57 --> Undefined index: thead
in APPPATH/ThirdParty/TCPDF/tcpdf.php on line 16631.
 1 APPPATH/ThirdParty/TCPDF/tcpdf.php(16631): CodeIgniter\Debug\Exceptions->errorHandler()
 2 APPPATH/ThirdParty/TCPDF/tcpdf.php(17343): TCPDF->getHtmlDomArray()
 3 APPPATH/Controllers/Admin/Beranda.php(129): TCPDF->writeHTML()
 4 SYSTEMPATH/CodeIgniter.php(896): App\Controllers\Admin\Beranda->cari()
 5 SYSTEMPATH/CodeIgniter.php(466): CodeIgniter\CodeIgniter->runController()
 6 SYSTEMPATH/CodeIgniter.php(349): CodeIgniter\CodeIgniter->handleRequest()
 7 FCPATH/index.php(55): CodeIgniter\CodeIgniter->run()
 8 SYSTEMPATH/Commands/Server/rewrite.php(43): require_once('FCPATH/index.php')
CRITICAL - 2022-07-24 11:49:59 --> Undefined index: thead
in APPPATH/ThirdParty/TCPDF/tcpdf.php on line 16631.
 1 APPPATH/ThirdParty/TCPDF/tcpdf.php(16631): CodeIgniter\Debug\Exceptions->errorHandler()
 2 APPPATH/ThirdParty/TCPDF/tcpdf.php(17343): TCPDF->getHtmlDomArray()
 3 APPPATH/Controllers/Admin/Beranda.php(133): TCPDF->writeHTML()
 4 SYSTEMPATH/CodeIgniter.php(896): App\Controllers\Admin\Beranda->cari()
 5 SYSTEMPATH/CodeIgniter.php(466): CodeIgniter\CodeIgniter->runController()
 6 SYSTEMPATH/CodeIgniter.php(349): CodeIgniter\CodeIgniter->handleRequest()
 7 FCPATH/index.php(55): CodeIgniter\CodeIgniter->run()
 8 SYSTEMPATH/Commands/Server/rewrite.php(43): require_once('FCPATH/index.php')
CRITICAL - 2022-07-24 11:54:07 --> Undefined index: thead
in APPPATH/ThirdParty/TCPDF/tcpdf.php on line 16631.
 1 APPPATH/ThirdParty/TCPDF/tcpdf.php(16631): CodeIgniter\Debug\Exceptions->errorHandler()
 2 APPPATH/ThirdParty/TCPDF/tcpdf.php(17343): TCPDF->getHtmlDomArray()
 3 APPPATH/Controllers/Admin/Beranda.php(133): TCPDF->writeHTML()
 4 SYSTEMPATH/CodeIgniter.php(896): App\Controllers\Admin\Beranda->cari()
 5 SYSTEMPATH/CodeIgniter.php(466): CodeIgniter\CodeIgniter->runController()
 6 SYSTEMPATH/CodeIgniter.php(349): CodeIgniter\CodeIgniter->handleRequest()
 7 FCPATH/index.php(55): CodeIgniter\CodeIgniter->run()
 8 SYSTEMPATH/Commands/Server/rewrite.php(43): require_once('FCPATH/index.php')
CRITICAL - 2022-07-24 11:56:18 --> Undefined index: thead
in APPPATH/ThirdParty/TCPDF/tcpdf.php on line 16631.
 1 APPPATH/ThirdParty/TCPDF/tcpdf.php(16631): CodeIgniter\Debug\Exceptions->errorHandler()
 2 APPPATH/ThirdParty/TCPDF/tcpdf.php(17343): TCPDF->getHtmlDomArray()
 3 APPPATH/Controllers/Admin/Beranda.php(129): TCPDF->writeHTML()
 4 SYSTEMPATH/CodeIgniter.php(896): App\Controllers\Admin\Beranda->cari()
 5 SYSTEMPATH/CodeIgniter.php(466): CodeIgniter\CodeIgniter->runController()
 6 SYSTEMPATH/CodeIgniter.php(349): CodeIgniter\CodeIgniter->handleRequest()
 7 FCPATH/index.php(55): CodeIgniter\CodeIgniter->run()
 8 SYSTEMPATH/Commands/Server/rewrite.php(43): require_once('FCPATH/index.php')
CRITICAL - 2022-07-24 12:03:17 --> FPDF error: Some data has already been output, can't send PDF file
in APPPATH/ThirdParty/fpdf184/fpdf.php on line 271.
 1 APPPATH/ThirdParty/fpdf184/fpdf.php(1060): FPDF->Error()
 2 APPPATH/ThirdParty/fpdf184/fpdf.php(1012): FPDF->_checkoutput()
 3 APPPATH/Controllers/Admin/Beranda.php(106): FPDF->Output()
 4 SYSTEMPATH/CodeIgniter.php(896): App\Controllers\Admin\Beranda->cari()
 5 SYSTEMPATH/CodeIgniter.php(466): CodeIgniter\CodeIgniter->runController()
 6 SYSTEMPATH/CodeIgniter.php(349): CodeIgniter\CodeIgniter->handleRequest()
 7 FCPATH/index.php(55): CodeIgniter\CodeIgniter->run()
 8 SYSTEMPATH/Commands/Server/rewrite.php(43): require_once('FCPATH/index.php')
CRITICAL - 2022-07-24 15:18:42 --> Use of undefined constant model - assumed 'model' (this will throw an Error in a future version of PHP)
in APPPATH/Controllers/Admin/Pengajuan.php on line 96.
 1 APPPATH/Controllers/Admin/Pengajuan.php(96): CodeIgniter\Debug\Exceptions->errorHandler()
 2 SYSTEMPATH/CodeIgniter.php(896): App\Controllers\Admin\Pengajuan->umpan_balik()
 3 SYSTEMPATH/CodeIgniter.php(466): CodeIgniter\CodeIgniter->runController()
 4 SYSTEMPATH/CodeIgniter.php(349): CodeIgniter\CodeIgniter->handleRequest()
 5 FCPATH/index.php(55): CodeIgniter\CodeIgniter->run()
 6 SYSTEMPATH/Commands/Server/rewrite.php(43): require_once('FCPATH/index.php')
CRITICAL - 2022-07-24 15:18:55 --> Undefined index: nama
in APPPATH/Views/admin/umpan_balik.php on line 16.
 1 APPPATH/Views/admin/umpan_balik.php(16): CodeIgniter\Debug\Exceptions->errorHandler()
 2 SYSTEMPATH/View/View.php(213): include('APPPATH/Views/admin/umpan_balik.php')
 3 SYSTEMPATH/View/View.php(216): CodeIgniter\View\View->CodeIgniter\View\{closure}()
 4 SYSTEMPATH/Common.php(1135): CodeIgniter\View\View->render()
 5 APPPATH/Controllers/Admin/Pengajuan.php(100): view()
 6 SYSTEMPATH/CodeIgniter.php(896): App\Controllers\Admin\Pengajuan->umpan_balik()
 7 SYSTEMPATH/CodeIgniter.php(466): CodeIgniter\CodeIgniter->runController()
 8 SYSTEMPATH/CodeIgniter.php(349): CodeIgniter\CodeIgniter->handleRequest()
 9 FCPATH/index.php(55): CodeIgniter\CodeIgniter->run()
10 SYSTEMPATH/Commands/Server/rewrite.php(43): require_once('FCPATH/index.php')
