ERROR - 2022-07-15 13:00:59 --> You have an error in your SQL syntax; check the manual that corresponds to your MariaDB server version for the right syntax to use near '-requestdb CHARACTER SET utf8 COLLATE utf8_general_ci' at line 1
ERROR - 2022-07-15 13:01:45 --> You have an error in your SQL syntax; check the manual that corresponds to your MariaDB server version for the right syntax to use near '-requestdb CHARACTER SET utf8 COLLATE utf8_general_ci' at line 1
ERROR - 2022-07-15 13:27:56 --> Can't create table `ci4-requestdb`.`user` (errno: 150 "Foreign key constraint is incorrectly formed")
CRITICAL - 2022-07-15 14:23:52 --> Undefined variable: routes
in APPPATH/Config/Routes.php on line 40.
 1 APPPATH/Config/Routes.php(40): CodeIgniter\Debug\Exceptions->errorHandler()
 2 SYSTEMPATH/Router/RouteCollection.php(637): CodeIgniter\CodeIgniter->Config\{closure}()
 3 APPPATH/Config/Routes.php(41): CodeIgniter\Router\RouteCollection->group()
 4 SYSTEMPATH/CodeIgniter.php(758): require('APPPATH/Config/Routes.php')
 5 SYSTEMPATH/CodeIgniter.php(415): CodeIgniter\CodeIgniter->tryToRouteIt()
 6 SYSTEMPATH/CodeIgniter.php(345): CodeIgniter\CodeIgniter->handleRequest()
 7 SYSTEMPATH/CLI/Console.php(48): CodeIgniter\CodeIgniter->run()
 8 ROOTPATH/spark(86): CodeIgniter\CLI\Console->run()
CRITICAL - 2022-07-15 14:25:10 --> The namespace delimiter is a backslash (\), not a slash (/). Route handler: \App\Controllers\Admin/Beranda::index
in SYSTEMPATH/Router/Router.php on line 466.
 1 SYSTEMPATH/Router/Router.php(466): CodeIgniter\Router\Exceptions\RouterException::forInvalidControllerName()
 2 SYSTEMPATH/Router/Router.php(181): CodeIgniter\Router\Router->checkRoutes()
 3 SYSTEMPATH/CodeIgniter.php(771): CodeIgniter\Router\Router->handle()
 4 SYSTEMPATH/CodeIgniter.php(415): CodeIgniter\CodeIgniter->tryToRouteIt()
 5 SYSTEMPATH/CodeIgniter.php(349): CodeIgniter\CodeIgniter->handleRequest()
 6 FCPATH/index.php(55): CodeIgniter\CodeIgniter->run()
 7 SYSTEMPATH/Commands/Server/rewrite.php(43): require_once('FCPATH/index.php')
CRITICAL - 2022-07-15 14:25:21 --> Class 'App\Controllers\Admin\BaseController' not found
in APPPATH/Controllers/Admin/Beranda.php on line 5.
 1 SYSTEMPATH/Autoloader/Autoloader.php(284): include_once()
 2 SYSTEMPATH/Autoloader/Autoloader.php(261): CodeIgniter\Autoloader\Autoloader->includeFile()
 3 SYSTEMPATH/Autoloader/Autoloader.php(239): CodeIgniter\Autoloader\Autoloader->loadInNamespace()
 4 [internal function]: CodeIgniter\Autoloader\Autoloader->loadClass()
 5 [internal function]: spl_autoload_call()
 6 SYSTEMPATH/CodeIgniter.php(846): class_exists()
 7 SYSTEMPATH/CodeIgniter.php(453): CodeIgniter\CodeIgniter->startController()
 8 SYSTEMPATH/CodeIgniter.php(349): CodeIgniter\CodeIgniter->handleRequest()
 9 FCPATH/index.php(55): CodeIgniter\CodeIgniter->run()
10 SYSTEMPATH/Commands/Server/rewrite.php(43): require_once('FCPATH/index.php')
CRITICAL - 2022-07-15 14:25:42 --> Invalid file: home.php
in SYSTEMPATH/Exceptions/FrameworkException.php on line 33.
 1 SYSTEMPATH/View/View.php(201): CodeIgniter\Exceptions\FrameworkException::forInvalidFile()
 2 SYSTEMPATH/Common.php(1135): CodeIgniter\View\View->render()
 3 APPPATH/Controllers/Admin/Beranda.php(11): view()
 4 SYSTEMPATH/CodeIgniter.php(896): App\Controllers\Admin\Beranda->index()
 5 SYSTEMPATH/CodeIgniter.php(466): CodeIgniter\CodeIgniter->runController()
 6 SYSTEMPATH/CodeIgniter.php(349): CodeIgniter\CodeIgniter->handleRequest()
 7 FCPATH/index.php(55): CodeIgniter\CodeIgniter->run()
 8 SYSTEMPATH/Commands/Server/rewrite.php(43): require_once('FCPATH/index.php')
